Game ID: "extern"
Game Started at 2019-08-29 18:55:55 GMT
Game Engine Version: 3.7.2.1
File Format Version: 3.6.29.48 - 3.7.2.1
Exported with Version: 3.7.2.1

Red:   "tom" as "{}[];':@#~/?.>,<" [Local Player] [Host]
Blue:  "tom" as "!"£$%^&*())_-=+`" [Local Player] [Host]
Green: "tom" as "Super BREAKING" [Local Player] [Host]

[00:00:00.00] ••• !"£$%^&*())_-=+` (tom) starts turn
[00:00:10.54] ••• !"£$%^&*())_-=+` (tom) fires Super Banana Bomb
[00:00:14.98] ••• !"£$%^&*())_-=+` (tom) ends turn; time used: 5.64 sec turn, 3.00 sec retreat
[00:00:18.56] ••• Damage dealt: 3 to Super BREAKING (tom)
[00:00:18.56] ••• Super BREAKING (tom) starts turn
[00:01:08.54] ••• Super BREAKING (tom) ends turn; time used: 45.00 sec turn, 0.00 sec retreat
[00:01:10.56] ••• {}[];':@#~/?.>,< (tom) starts turn
[00:01:18.98] ••• {}[];':@#~/?.>,< (tom) fires French Sheep Strike
[00:01:25.50] ••• {}[];':@#~/?.>,< (tom) ends turn; time used: 6.52 sec turn, 3.00 sec retreat
[00:01:32.38] ••• Damage dealt: 100 (1 kill) to Super BREAKING (tom)
[00:01:32.38] ••• !"£$%^&*())_-=+` (tom) starts turn
[00:01:40.52] ••• !"£$%^&*())_-=+` (tom) fires Baseball Bat
[00:01:44.10] ••• !"£$%^&*())_-=+` (tom) ends turn; time used: 6.76 sec turn, 3.00 sec retreat
[00:01:48.84] ••• Damage dealt: 200 (2 kills) to {}[];':@#~/?.>,< (tom), 100 (1 kill) to !"£$%^&*())_-=+` (tom)
[00:01:48.84] ••• Super BREAKING (tom) starts turn
[00:01:53.06] ••• Super BREAKING (tom) fires Sheep
[00:01:56.24] ••• Super BREAKING (tom) ends turn; time used: 1.58 sec turn, 3.00 sec retreat
[00:02:04.36] ••• Damage dealt: 100 (1 kill) to {}[];':@#~/?.>,< (tom)
[00:02:04.36] ••• !"£$%^&*())_-=+` (tom) starts turn
[00:02:09.14] ••• !"£$%^&*())_-=+` (tom) fires French Sheep Strike
[00:02:15.08] ••• !"£$%^&*())_-=+` (tom) ends turn; time used: 2.32 sec turn, 3.00 sec retreat
[00:02:22.82] ••• Damage dealt: 5 to !"£$%^&*())_-=+` (tom), 100 (1 kill) to Super BREAKING (tom)
[00:02:22.82] ••• Super BREAKING (tom) starts turn
[00:02:27.34] ••• Super BREAKING (tom) fires Concrete Donkey
[00:02:28.76] ••• Super BREAKING (tom) loses turn due to loss of control; time used: 1.92 sec turn, 0.94 sec retreat
[00:02:44.20] ••• Damage dealt: 95 (1 kill) to !"£$%^&*())_-=+` (tom), 97 (1 kill) to Super BREAKING (tom)
[00:02:44.22] ••• Game Ends - Round Finished

Team time totals:
{}[];':@#~/?.>,< (tom): Turn: 00:00:06.52, Retreat: 00:00:03.00, Total: 00:00:09.52, Turn count: 1
!"£$%^&*())_-=+` (tom): Turn: 00:00:14.72, Retreat: 00:00:09.00, Total: 00:00:23.72, Turn count: 3
Super BREAKING (tom):   Turn: 00:00:48.50, Retreat: 00:00:03.94, Total: 00:00:52.44, Turn count: 3

End of round 3

Round time: 0:02:44
Total game time elapsed: 0:02:44

!"£$%^&*())_-=+` wins the round.

Worm of the round: Worm 2 (!"£$%^&*())_-=+`)
Most kills with one shot: 3 - Worm 2 (!"£$%^&*())_-=+`)
Most damage with one shot: 300 - Worm 2 (!"£$%^&*())_-=+`)
