Game Started at 2019-08-16 20:34:51 GMT
Game Engine Version: 3.7.2.1
File Format Version: 3.6.29.48 - 3.7.2.1
Exported with Version: 3.7.2.1

Red:  "1-UP"
Blue: "2-UP"

[00:00:02.24] ••• 1-UP starts turn
[00:00:06.34] ••• 1-UP fires Jet Pack
[00:00:10.32] ••• 1-UP used 11 units of Jet Pack fuel
[00:00:13.50] ••• 1-UP fires Low Gravity
[00:00:21.44] ••• 1-UP fires Fast Walk
[00:00:28.18] ••• 1-UP fires Laser Sight
[00:00:36.24] ••• 1-UP fires Laser Sight
[00:00:40.22] ••• 1-UP fires Bazooka
[00:00:46.86] ••• 1-UP ends turn; time used: 34.44 sec turn, 3.00 sec retreat
[00:00:52.78] ••• 2-UP starts turn
[00:00:58.16] ••• 2-UP loses turn due to loss of control; time used: 2.12 sec turn, 0.00 sec retreat
[00:01:03.98] ••• Damage dealt: 39 to 2-UP
[00:01:03.98] ••• 1-UP starts turn
[00:01:18.82] ••• 1-UP fires Homing Missile
[00:01:23.88] ••• 1-UP ends turn; time used: 13.18 sec turn, 3.00 sec retreat
[00:01:30.82] ••• Damage dealt: 26 to 1-UP
[00:01:30.82] ••• 2-UP starts turn
[00:01:35.56] ••• 2-UP loses turn due to loss of control; time used: 2.78 sec turn, 0.00 sec retreat
[00:01:43.18] ••• Damage dealt: 3 to 2-UP
[00:01:43.18] ••• 1-UP starts turn
[00:01:48.34] ••• 1-UP fires Mortar
[00:01:51.42] ••• 1-UP ends turn; time used: 2.84 sec turn, 3.00 sec retreat
[00:01:57.66] ••• 2-UP starts turn
[00:02:00.86] ••• Glide Glitch #1
[00:02:27.28] ••• 2-UP fires Homing Pigeon
[00:02:27.58] ••• 2-UP loses turn due to loss of control; time used: 27.32 sec turn, 0.22 sec retreat
[00:02:37.14] ••• Damage dealt: 133 to 2-UP
[00:02:37.14] ••• 1-UP starts turn
[00:02:45.22] ••• 1-UP fires Grenade (3 sec, min bounce)
[00:02:49.16] ••• 1-UP ends turn; time used: 5.00 sec turn, 3.00 sec retreat
[00:02:51.44] ••• 2-UP starts turn
[00:02:54.42] ••• 2-UP fires Cluster Bomb (3 sec, min bounce)
[00:02:58.68] ••• 2-UP ends turn; time used: 1.34 sec turn, 3.00 sec retreat
[00:03:02.70] ••• Damage dealt: 46 to 1-UP
[00:03:02.70] ••• 1-UP starts turn
[00:03:14.50] ••• 1-UP fires Sheep Launcher
[00:03:17.18] ••• 1-UP loses turn due to loss of control; time used: 9.10 sec turn, 2.60 sec retreat
[00:03:28.38] ••• Damage dealt: 78 to 1-UP, 59 to 2-UP
[00:03:28.38] ••• 2-UP starts turn
[00:03:44.12] ••• 2-UP fires Banana Bomb (3 sec)
[00:03:49.30] ••• 2-UP loses turn due to loss of control; time used: 14.64 sec turn, 3.00 sec retreat
[00:04:03.32] ••• Damage dealt: 120 to 1-UP, 172 (3 kills) to 2-UP
[00:04:03.32] ••• 1-UP starts turn
[00:04:08.20] ••• 1-UP fires Battle Axe
[00:04:09.24] ••• 1-UP loses turn due to loss of control; time used: 2.46 sec turn, 0.00 sec retreat
[00:04:25.66] ••• Damage dealt: 39 to 1-UP, 61 (1 kill) to 2-UP
[00:04:25.66] ••• 2-UP starts turn
[00:04:29.68] ••• 2-UP fires Earth Quake
[00:04:29.76] ••• 2-UP ends turn; time used: 0.82 sec turn, 0.02 sec retreat
[00:04:45.98] ••• Damage dealt: 74 (1 kill) to 1-UP
[00:04:45.98] ••• 1-UP starts turn
[00:04:52.24] ••• 1-UP fires Shotgun
[00:04:55.16] ••• 1-UP fires Shotgun
[00:04:59.32] ••• 1-UP ends turn; time used: 4.10 sec turn, 3.00 sec retreat
[00:05:03.74] ••• Damage dealt: 50 to 1-UP
[00:05:03.74] ••• 2-UP starts turn
[00:05:09.48] ••• 2-UP fires Handgun
[00:05:15.60] ••• 2-UP ends turn; time used: 1.52 sec turn, 3.00 sec retreat
[00:05:21.54] ••• 1-UP starts turn
[00:05:26.12] ••• 1-UP fires Uzi
[00:05:30.32] ••• 1-UP ends turn; time used: 2.26 sec turn, 3.00 sec retreat
[00:05:36.66] ••• 2-UP starts turn
[00:05:46.40] ••• 2-UP fires Minigun
[00:05:46.42] ••• 2-UP loses turn due to loss of control; time used: 7.44 sec turn, 0.00 sec retreat
[00:05:52.00] ••• Damage dealt: 4 to 2-UP
[00:05:52.00] ••• 1-UP starts turn
[00:05:58.94] ••• 1-UP fires Longbow
[00:06:03.94] ••• 1-UP fires Longbow
[00:06:07.02] ••• 1-UP ends turn; time used: 5.72 sec turn, 3.00 sec retreat
[00:06:11.04] ••• Damage dealt: 15 to 2-UP
[00:06:11.04] ••• 2-UP starts turn
[00:06:22.78] ••• 2-UP fires Super Sheep
[00:06:25.96] ••• 2-UP ends turn; time used: 6.74 sec turn, 3.00 sec retreat
[00:06:31.18] ••• 1-UP starts turn
[00:06:36.86] ••• 1-UP fires Fire Punch
[00:06:41.66] ••• 1-UP ends turn; time used: 1.70 sec turn, 3.00 sec retreat
[00:06:51.90] ••• Damage dealt: 41 (1 kill) to 1-UP
[00:06:51.90] ••• 2-UP starts turn
[00:06:55.52] ••• 2-UP fires Dragon Ball
[00:07:00.04] ••• 2-UP ends turn; time used: 1.26 sec turn, 3.00 sec retreat
[00:07:04.80] ••• Damage dealt: 30 to 1-UP
[00:07:04.80] ••• 1-UP starts turn
[00:07:11.78] ••• 1-UP fires Kamikaze
[00:07:13.36] ••• 1-UP loses turn due to loss of control; time used: 4.86 sec turn, 0.00 sec retreat
[00:07:20.12] ••• Damage dealt: 30 to 2-UP
[00:07:20.12] ••• 2-UP starts turn
[00:07:25.30] ••• 2-UP fires Prod
[00:07:28.82] ••• 2-UP ends turn; time used: 1.26 sec turn, 3.00 sec retreat
[00:07:33.28] ••• 1-UP starts turn
[00:07:40.48] ••• 1-UP fires Suicide Bomber
[00:07:41.84] ••• 1-UP loses turn due to loss of control; time used: 4.06 sec turn, 0.00 sec retreat
[00:07:45.82] ••• Damage dealt: 31 (1 kill) to 1-UP, 9 to 2-UP
[00:07:45.82] ••• 2-UP starts turn
[00:07:59.22] ••• 2-UP fires Sheep
[00:08:16.12] ••• 2-UP loses turn due to loss of control; time used: 8.40 sec turn, 3.00 sec retreat
[00:08:22.62] ••• Damage dealt: 66 (1 kill) to 2-UP
[00:08:22.62] ••• 1-UP starts turn
[00:08:29.20] ••• 1-UP fires Mole Bomb
[00:08:40.04] ••• 1-UP ends turn; time used: 2.84 sec turn, 3.00 sec retreat
[00:08:46.20] ••• 2-UP starts turn
[00:08:53.60] ••• 2-UP fires Dynamite
[00:08:58.78] ••• 2-UP ends turn; time used: 2.40 sec turn, 5.00 sec retreat
[00:09:04.94] ••• 1-UP starts turn
[00:09:11.96] ••• 1-UP fires Mine
[00:09:17.14] ••• 1-UP ends turn; time used: 4.10 sec turn, 5.00 sec retreat
[00:09:21.16] ••• 2-UP starts turn
[00:09:26.84] ••• 2-UP fires Air Strike
[00:09:30.32] ••• 2-UP ends turn; time used: 2.30 sec turn, 3.00 sec retreat
[00:09:34.34] ••• 1-UP starts turn
[00:09:37.48] ••• 1-UP fires Napalm Strike
[00:09:40.96] ••• 1-UP ends turn; time used: 1.46 sec turn, 3.00 sec retreat
[00:10:00.32] ••• Damage dealt: 36 (2 kills) to 1-UP
[00:10:00.32] ••• 2-UP starts turn
[00:10:05.68] ••• 2-UP fires Mail Strike
[00:10:18.96] ••• 2-UP ends turn; time used: 2.18 sec turn, 3.00 sec retreat
[00:10:22.98] ••• 1-UP starts turn
[00:10:26.30] ••• 1-UP fires Mine Strike
[00:10:29.78] ••• 1-UP ends turn; time used: 1.20 sec turn, 3.00 sec retreat
[00:10:40.10] ••• 2-UP starts turn
[00:10:43.28] ••• 2-UP fires Mole Squadron
[00:10:52.66] ••• 2-UP ends turn; time used: 1.10 sec turn, 3.00 sec retreat
[00:10:59.18] ••• 1-UP starts turn
[00:11:03.00] ••• 1-UP fires Blow Torch
[00:11:07.06] ••• 1-UP ends turn; time used: 3.42 sec turn, 3.00 sec retreat
[00:11:11.08] ••• 2-UP starts turn
[00:11:14.62] ••• 2-UP fires Pneumatic Drill
[00:11:15.36] ••• 2-UP ends turn; time used: 1.88 sec turn, 0.02 sec retreat
[00:11:17.90] ••• 1-UP starts turn
[00:11:28.10] ••• 1-UP fires Girder
[00:11:31.18] ••• 1-UP ends turn; time used: 8.20 sec turn, 3.00 sec retreat
[00:11:33.20] ••• 2-UP starts turn
[00:11:41.92] ••• 2-UP fires Girder Starter-Pack
[00:11:43.88] ••• 2-UP fires Girder Starter-Pack
[00:11:44.64] ••• 2-UP fires Girder Starter-Pack
[00:11:45.26] ••• 2-UP fires Girder Starter-Pack
[00:11:45.94] ••• 2-UP fires Girder Starter-Pack
[00:11:49.02] ••• 2-UP ends turn; time used: 7.72 sec turn, 3.00 sec retreat
[00:11:51.04] ••• 1-UP starts turn
[00:11:57.80] ••• 1-UP fires Baseball Bat
[00:12:00.98] ••• 1-UP ends turn; time used: 4.74 sec turn, 3.00 sec retreat
[00:12:05.40] ••• Damage dealt: 30 to 2-UP
[00:12:05.40] ••• 2-UP starts turn
[00:12:09.98] ••• 2-UP fires Ninja Rope
[00:12:10.76] ••• 2-UP fires Ninja Rope
[00:12:33.02] ••• 2-UP fires Ninja Rope
[00:12:33.94] ••• 2-UP fires Ninja Rope
[00:12:54.28] ••• 2-UP uses Bungee
[00:13:01.54] ••• 2-UP fires Super Sheep
[00:13:06.90] ••• 2-UP ends turn; time used: -2.36 sec turn, 3.00 sec retreat
[00:13:26.20] ••• Damage dealt: 100 (1 kill) to 1-UP
[00:13:26.20] ••• 1-UP starts turn
[00:13:34.88] ••• 1-UP fires Parachute
[00:13:39.04] ••• 1-UP fires Teleport
[00:13:39.46] ••• resetting Jet Pack fuel use to 0
[00:13:41.52] ••• 1-UP ends turn; time used: 7.84 sec turn, 0.02 sec retreat
[00:13:44.78] ••• 2-UP starts turn
[00:13:54.26] ••• 2-UP fires Scales of Justice
[00:13:54.36] ••• 2-UP ends turn; time used: 4.86 sec turn, 0.02 sec retreat
[00:14:00.34] ••• Damage dealt: 57 to 2-UP
[00:14:00.34] ••• 1-UP starts turn
[00:14:06.58] ••• 1-UP fires Super Banana Bomb
[00:14:11.94] ••• 1-UP ends turn; time used: 3.42 sec turn, 3.00 sec retreat
[00:14:15.96] ••• 2-UP starts turn
[00:14:20.10] ••• 2-UP fires Flame Thrower
[00:14:27.58] ••• 2-UP ends turn; time used: 0.92 sec turn, 3.00 sec retreat
[00:14:31.60] ••• 1-UP starts turn
[00:14:36.72] ••• 1-UP fires Holy Hand-Grenade
[00:14:43.04] ••• 1-UP ends turn; time used: 1.36 sec turn, 3.00 sec retreat
[00:14:47.06] ••• 2-UP starts turn
[00:14:53.02] ••• 2-UP fires Salvation Army
[00:14:56.24] ••• 2-UP ends turn; time used: 2.54 sec turn, 3.00 sec retreat
[00:15:00.26] ••• 1-UP starts turn
[00:15:03.66] ••• 1-UP fires MB Bomb
[00:15:08.94] ••• 1-UP ends turn; time used: 1.62 sec turn, 3.00 sec retreat
[00:15:20.90] ••• 2-UP starts turn
[00:15:26.42] ••• 2-UP fires Petrol Bomb
[00:15:30.06] ••• 2-UP ends turn; time used: 3.00 sec turn, 3.00 sec retreat
[00:15:34.08] ••• 1-UP starts turn
[00:15:36.04] ••• 1-UP fires Skunk
[00:15:42.88] ••• 1-UP ends turn; time used: 0.52 sec turn, 3.00 sec retreat
[00:15:47.80] ••• 2-UP starts turn
[00:15:52.96] ••• 2-UP fires Priceless Ming Vase
[00:16:01.82] ••• 2-UP ends turn; time used: 2.08 sec turn, 5.00 sec retreat
[00:16:07.50] ••• 1-UP starts turn
[00:16:11.50] ••• 1-UP fires French Sheep Strike
[00:16:17.70] ••• 1-UP ends turn; time used: 1.86 sec turn, 3.00 sec retreat
[00:16:28.34] ••• 2-UP starts turn
[00:16:30.84] ••• 2-UP fires Mike's Carpet Bomb
[00:16:35.28] ••• 2-UP loses turn due to loss of control; time used: 0.80 sec turn, 3.00 sec retreat
[00:16:49.36] ••• Damage dealt: 50 (1 kill) to 2-UP
[00:16:49.36] ••• 1-UP starts turn
[00:16:54.64] ••• 1-UP fires Mad Cow (herd of 3)
[00:16:59.92] ••• 1-UP ends turn; time used: 0.74 sec turn, 3.00 sec retreat
[00:17:06.48] ••• 2-UP starts turn
[00:17:09.44] ••• 2-UP fires Old Woman
[00:17:14.48] ••• 2-UP ends turn; time used: 1.12 sec turn, 3.00 sec retreat
[00:17:18.50] ••• 1-UP starts turn
[00:17:27.80] ••• 1-UP fires Concrete Donkey
[00:17:34.18] ••• 1-UP ends turn; time used: 4.30 sec turn, 3.00 sec retreat
[00:17:40.48] ••• 2-UP starts turn
[00:17:44.98] ••• 2-UP fires Indian Nuclear Test
[00:17:54.34] ••• 2-UP ends turn; time used: 1.04 sec turn, 0.02 sec retreat
[00:18:02.80] ••• 1-UP starts turn
[00:18:13.06] ••• 1-UP fires Patsy's Magic Bullet
[00:18:16.14] ••• 1-UP ends turn; time used: 8.04 sec turn, 3.00 sec retreat
[00:18:22.24] ••• 2-UP starts turn
[00:18:29.58] ••• 2-UP fires Freeze
[00:18:29.60] ••• 2-UP ends turn; time used: 2.34 sec turn, 0.00 sec retreat
[00:18:34.92] ••• 1-UP starts turn
[00:18:38.26] ••• 1-UP fires Skip Go
[00:18:38.28] ••• 1-UP ends turn; time used: 1.12 sec turn, 0.00 sec retreat
[00:18:42.38] ••• 2-UP starts turn
[00:18:47.72] ••• Sudden Death
[00:18:51.70] ••• 2-UP fires Select Worm
[00:18:56.68] ••• 2-UP fires Select Worm
[00:18:58.46] ••• 2-UP fires Bazooka
[00:18:58.60] ••• 2-UP loses turn due to loss of control; time used: 10.96 sec turn, 0.00 sec retreat
[00:19:02.66] ••• Sudden Death
[00:19:06.96] ••• Damage dealt: 43 to 2-UP
[00:19:06.96] ••• 1-UP starts turn
[00:19:15.76] ••• 1-UP fires Freeze
[00:19:15.78] ••• 1-UP ends turn; time used: 3.80 sec turn, 0.00 sec retreat
[00:19:20.46] ••• 2-UP starts turn
[00:19:23.58] ••• 2-UP fires Select Worm
[00:19:33.94] ••• 2-UP fires Skip Go
[00:19:33.96] ••• 2-UP ends turn; time used: 12.06 sec turn, 0.00 sec retreat
[00:19:37.24] ••• 1-UP starts turn
[00:19:38.92] ••• 1-UP fires Skip Go
[00:19:38.94] ••• 1-UP ends turn; time used: 0.60 sec turn, 0.00 sec retreat
[00:19:44.84] ••• 2-UP starts turn
[00:19:47.04] ••• 2-UP fires Skip Go
[00:19:47.06] ••• 2-UP ends turn; time used: 0.32 sec turn, 0.00 sec retreat
[00:19:51.98] ••• 1-UP starts turn
[00:19:53.64] ••• 1-UP fires Skip Go
[00:19:53.66] ••• 1-UP ends turn; time used: 0.30 sec turn, 0.00 sec retreat
[00:19:56.94] ••• 2-UP starts turn
[00:19:58.22] ••• 2-UP fires Skip Go
[00:19:58.24] ••• 2-UP ends turn; time used: 0.32 sec turn, 0.00 sec retreat
[00:20:01.52] ••• 1-UP starts turn
[00:20:02.70] ••• 1-UP fires Skip Go
[00:20:02.72] ••• 1-UP ends turn; time used: 0.32 sec turn, 0.00 sec retreat
[00:20:09.22] ••• 2-UP starts turn
[00:20:16.84] ••• 2-UP fires Armageddon
[00:20:25.82] ••• 2-UP loses turn due to loss of control; time used: 3.96 sec turn, 0.02 sec retreat
[00:20:54.08] ••• Damage dealt: 1 (1 kill) to 1-UP, 1 (1 kill) to 2-UP
[00:20:54.10] ••• Game Ends - Round Finished

Team time totals:
1-UP: Turn: 00:02:31.52, Retreat: 00:01:13.62, Total: 00:03:45.14, Turn count: 33
2-UP: Turn: 00:03:11.84, Retreat: 00:01:01.32, Total: 00:04:13.16, Turn count: 33

End of round 1

Round time: 0:20:54
Total game time elapsed: 0:20:54

The round was drawn.

Worm of the round: Snizzle (2-UP)
Most kills with one shot: 3 - Dolly (2-UP)
Most damage with one shot: 292 - Dolly (2-UP)
